<?xml version="1.0" encoding="UTF-8"?>
<!-- Generated by org.testng.reporters.JUnitReportReporter -->
<testsuite hostname="BG3WS0366" name="browserSamples.Chromelaunch2" tests="1" failures="0" timestamp="25 May 2020 13:09:14 GMT" time="92.681" errors="0">
  <testcase name="test3" time="92.681" classname="browserSamples.Chromelaunch2"/>
</testsuite> <!-- browserSamples.Chromelaunch2 -->
