<?xml version="1.0" encoding="UTF-8"?>
<!-- Generated by org.testng.reporters.JUnitReportReporter -->
<testsuite hostname="BG3WS0366" name="browserSamples.Chromelaunch" tests="1" failures="0" timestamp="25 May 2020 13:09:14 GMT" time="26.553" errors="0">
  <testcase name="test1" time="26.553" classname="browserSamples.Chromelaunch"/>
</testsuite> <!-- browserSamples.Chromelaunch -->
