<?xml version="1.0" encoding="UTF-8"?>
<!-- Generated by org.testng.reporters.JUnitReportReporter -->
<testsuite hostname="BG3WS0366" name="browserSamples.DockerUp" tests="1" failures="0" timestamp="25 May 2020 11:27:00 GMT" time="25.038" errors="0">
  <testcase name="makeDockerup" time="25.038" classname="browserSamples.DockerUp"/>
</testsuite> <!-- browserSamples.DockerUp -->
