<?xml version="1.0" encoding="UTF-8"?>
<!-- Generated by org.testng.reporters.JUnitReportReporter -->
<testsuite hostname="BG3WS0366" name="browserSamples.Firefoxlaunch2" tests="1" failures="0" timestamp="25 May 2020 13:09:14 GMT" time="52.358" errors="0">
  <testcase name="test4" time="52.358" classname="browserSamples.Firefoxlaunch2"/>
</testsuite> <!-- browserSamples.Firefoxlaunch2 -->
