<?xml version="1.0" encoding="UTF-8"?>
<!-- Generated by org.testng.reporters.JUnitReportReporter -->
<testsuite hostname="BG3WS0366" name="browserSamples.Firefoxlaunch" tests="1" failures="0" timestamp="25 May 2020 13:09:14 GMT" time="38.727" errors="0">
  <testcase name="test2" time="38.727" classname="browserSamples.Firefoxlaunch"/>
</testsuite> <!-- browserSamples.Firefoxlaunch -->
